<?xml version="1.0" encoding="UTF-8"?>
<!-- Generated by org.testng.reporters.JUnitReportReporter -->
<testsuite skipped="0" hostname="MMUKITH" name="com.CucumberLogin.framework.runner.FacebookLoginFeatureRunner" tests="1" failures="0" timestamp="15 Dec 2017 01:57:36 GMT" time="0.063" errors="0">
  <testcase name="feature" time="0.063" classname="com.CucumberLogin.framework.runner.FacebookLoginFeatureRunner"/>
</testsuite> <!-- com.CucumberLogin.framework.runner.FacebookLoginFeatureRunner -->
